<?xml version="1.0" encoding="UTF-8"?>
<testng-results total="1" passed="1" failed="0" skipped="0">
  <reporter-output>
  </reporter-output>
  <suite started-at="2021-11-11T15:35:19Z" name="Default suite" finished-at="2021-11-11T15:35:48Z" duration-ms="28963">
    <groups>
    </groups>
    <test started-at="2021-11-11T15:35:19Z" name="Default test" finished-at="2021-11-11T15:35:48Z" duration-ms="28963">
      <class name="com.demoframework.testCases.TC_LoginTest_001">
        <test-method is-config="true" signature="setup()[pri:0, instance:com.demoframework.testCases.TC_LoginTest_001@35399441]" started-at="2021-11-11T21:05:19Z" name="setup" finished-at="2021-11-11T21:05:21Z" duration-ms="2027" status="PASS">
          <reporter-output>
          </reporter-output>
        </test-method> <!-- setup -->
        <test-method signature="loginTest()[pri:0, instance:com.demoframework.testCases.TC_LoginTest_001@35399441]" started-at="2021-11-11T21:05:21Z" name="loginTest" finished-at="2021-11-11T21:05:47Z" duration-ms="26158" status="PASS">
          <reporter-output>
          </reporter-output>
        </test-method> <!-- loginTest -->
        <test-method is-config="true" signature="teardown()[pri:0, instance:com.demoframework.testCases.TC_LoginTest_001@35399441]" started-at="2021-11-11T21:05:47Z" name="teardown" finished-at="2021-11-11T21:05:48Z" duration-ms="760" status="PASS">
          <reporter-output>
          </reporter-output>
        </test-method> <!-- teardown -->
      </class> <!-- com.demoframework.testCases.TC_LoginTest_001 -->
    </test> <!-- Default test -->
  </suite> <!-- Default suite -->
</testng-results>
