<?xml version="1.0" encoding="UTF-8"?>
<testng-results total="1" passed="1" failed="0" skipped="0">
  <reporter-output>
  </reporter-output>
  <suite started-at="2021-11-15T15:34:14Z" name="SeleniumDemoFramework" finished-at="2021-11-15T15:34:26Z" duration-ms="12076">
    <groups>
    </groups>
    <test started-at="2021-11-15T15:34:14Z" name="Selenium Test" finished-at="2021-11-15T15:34:26Z" duration-ms="12076">
      <class name="com.demoframework.testCases.TC_LoginTest_001">
        <test-method is-config="true" signature="setup(java.lang.String)[pri:0, instance:com.demoframework.testCases.TC_LoginTest_001@f79e]" started-at="2021-11-15T21:04:14Z" name="setup" finished-at="2021-11-15T21:04:22Z" duration-ms="7663" status="PASS">
          <params>
            <param index="0">
              <value>
                <![CDATA[chrome]]>
              </value>
            </param>
          </params>
          <reporter-output>
          </reporter-output>
        </test-method> <!-- setup -->
        <test-method signature="loginTest()[pri:0, instance:com.demoframework.testCases.TC_LoginTest_001@f79e]" started-at="2021-11-15T21:04:22Z" name="loginTest" finished-at="2021-11-15T21:04:26Z" duration-ms="3673" status="PASS">
          <reporter-output>
          </reporter-output>
        </test-method> <!-- loginTest -->
        <test-method is-config="true" signature="teardown()[pri:0, instance:com.demoframework.testCases.TC_LoginTest_001@f79e]" started-at="2021-11-15T21:04:26Z" name="teardown" finished-at="2021-11-15T21:04:26Z" duration-ms="715" status="PASS">
          <reporter-output>
          </reporter-output>
        </test-method> <!-- teardown -->
      </class> <!-- com.demoframework.testCases.TC_LoginTest_001 -->
    </test> <!-- Selenium Test -->
  </suite> <!-- SeleniumDemoFramework -->
</testng-results>
